# JRE version: Java(TM) SE Runtime Environment (8.0_101-b13) (build 1.8.0_101-b13)
# Java VM: Java HotSpot(TM) 64-Bit Server VM (25.101-b13 mixed mode bsd-amd64 compressed oops)
Heap:
 PSYoungGen      total 42496K, used 38297K [0x00000007aab00000, 0x00000007ae200000, 0x00000007c0000000)
  eden space 30208K, 95% used [0x00000007aab00000,0x00000007ac727fc0,0x00000007ac880000)
  from space 12288K, 77% used [0x00000007ad500000,0x00000007ade3e530,0x00000007ae100000)
  to   space 12800K, 0% used [0x00000007ac880000,0x00000007ac880000,0x00000007ad500000)
 ParOldGen       total 40448K, used 12257K [0x0000000780000000, 0x0000000782780000, 0x00000007aab00000)
  object space 40448K, 30% used [0x0000000780000000,0x0000000780bf87c0,0x0000000782780000)
 Metaspace       used 25558K, capacity 27018K, committed 27392K, reserved 1073152K
  class space    used 3414K, capacity 3733K, committed 3840K, reserved 1048576K
GC Heap History (10 events):
Event: 25.847 GC heap before
{Heap before GC invocations=9 (full 1):
 PSYoungGen      total 28672K, used 28640K [0x00000007aab00000, 0x00000007ad680000, 0x00000007c0000000)
  eden space 20992K, 100% used [0x00000007aab00000,0x00000007abf80000,0x00000007abf80000)
  from space 7680K, 99% used [0x00000007abf80000,0x00000007ac6f8310,0x00000007ac700000)
  to   space 9216K, 0% used [0x00000007acd80000,0x00000007acd80000,0x00000007ad680000)
 ParOldGen       total 40448K, used 12225K [0x0000000780000000, 0x0000000782780000, 0x00000007aab00000)
  object space 40448K, 30% used [0x0000000780000000,0x0000000780bf07a0,0x0000000782780000)
 Metaspace       used 24682K, capacity 26168K, committed 26240K, reserved 1071104K
  class space    used 3396K, capacity 3694K, committed 3712K, reserved 1048576K
Event: 25.857 GC heap after
Heap after GC invocations=9 (full 1):
 PSYoungGen      total 34304K, used 8493K [0x00000007aab00000, 0x00000007ad880000, 0x00000007c0000000)
  eden space 25088K, 0% used [0x00000007aab00000,0x00000007aab00000,0x00000007ac380000)
  from space 9216K, 92% used [0x00000007acd80000,0x00000007ad5cb440,0x00000007ad680000)
  to   space 10240K, 0% used [0x00000007ac380000,0x00000007ac380000,0x00000007acd80000)
 ParOldGen       total 40448K, used 12233K [0x0000000780000000, 0x0000000782780000, 0x00000007aab00000)
  object space 40448K, 30% used [0x0000000780000000,0x0000000780bf27a0,0x0000000782780000)
 Metaspace       used 24682K, capacity 26168K, committed 26240K, reserved 1071104K
  class space    used 3396K, capacity 3694K, committed 3712K, reserved 1048576K
}
Event: 85.766 GC heap before
{Heap before GC invocations=10 (full 1):
 PSYoungGen      total 34304K, used 33581K [0x00000007aab00000, 0x00000007ad880000, 0x00000007c0000000)
  eden space 25088K, 100% used [0x00000007aab00000,0x00000007ac380000,0x00000007ac380000)
  from space 9216K, 92% used [0x00000007acd80000,0x00000007ad5cb440,0x00000007ad680000)
  to   space 10240K, 0% used [0x00000007ac380000,0x00000007ac380000,0x00000007acd80000)
 ParOldGen       total 40448K, used 12233K [0x0000000780000000, 0x0000000782780000, 0x00000007aab00000)
  object space 40448K, 30% used [0x0000000780000000,0x0000000780bf27a0,0x0000000782780000)
 Metaspace       used 25180K, capacity 26626K, committed 26880K, reserved 1073152K
  class space    used 3414K, capacity 3733K, committed 3840K, reserved 1048576K
Event: 85.787 GC heap after
Heap after GC invocations=10 (full 1):
 PSYoungGen      total 35328K, used 8741K [0x00000007aab00000, 0x00000007adc80000, 0x00000007c0000000)
  eden space 25088K, 0% used [0x00000007aab00000,0x00000007aab00000,0x00000007ac380000)
  from space 10240K, 85% used [0x00000007ac380000,0x00000007acc096a0,0x00000007acd80000)
  to   space 11264K, 0% used [0x00000007ad180000,0x00000007ad180000,0x00000007adc80000)
 ParOldGen       total 40448K, used 12241K [0x0000000780000000, 0x0000000782780000, 0x00000007aab00000)
  object space 40448K, 30% used [0x0000000780000000,0x0000000780bf47a0,0x0000000782780000)
 Metaspace       used 25180K, capacity 26626K, committed 26880K, reserved 1073152K
  class space    used 3414K, capacity 3733K, committed 3840K, reserved 1048576K
}
Event: 96.342 GC heap before
{Heap before GC invocations=11 (full 1):
 PSYoungGen      total 35328K, used 33829K [0x00000007aab00000, 0x00000007adc80000, 0x00000007c0000000)
  eden space 25088K, 100% used [0x00000007aab00000,0x00000007ac380000,0x00000007ac380000)
  from space 10240K, 85% used [0x00000007ac380000,0x00000007acc096a0,0x00000007acd80000)
  to   space 11264K, 0% used [0x00000007ad180000,0x00000007ad180000,0x00000007adc80000)
 ParOldGen       total 40448K, used 12241K [0x0000000780000000, 0x0000000782780000, 0x00000007aab00000)
  object space 40448K, 30% used [0x0000000780000000,0x0000000780bf47a0,0x0000000782780000)
 Metaspace       used 25404K, capacity 26890K, committed 27136K, reserved 1073152K
  class space    used 3414K, capacity 3733K, committed 3840K, reserved 1048576K
Event: 96.355 GC heap after
Heap after GC invocations=11 (full 1):
 PSYoungGen      total 38912K, used 9025K [0x00000007aab00000, 0x00000007add80000, 0x00000007c0000000)
  eden space 27648K, 0% used [0x00000007aab00000,0x00000007aab00000,0x00000007ac600000)
  from space 11264K, 80% used [0x00000007ad180000,0x00000007ada506d0,0x00000007adc80000)
  to   space 11776K, 0% used [0x00000007ac600000,0x00000007ac600000,0x00000007ad180000)
 ParOldGen       total 40448K, used 12249K [0x0000000780000000, 0x0000000782780000, 0x00000007aab00000)
  object space 40448K, 30% used [0x0000000780000000,0x0000000780bf67a0,0x0000000782780000)
 Metaspace       used 25404K, capacity 26890K, committed 27136K, reserved 1073152K
  class space    used 3414K, capacity 3733K, committed 3840K, reserved 1048576K
}
Event: 99.243 GC heap before
{Heap before GC invocations=12 (full 1):
 PSYoungGen      total 38912K, used 36673K [0x00000007aab00000, 0x00000007add80000, 0x00000007c0000000)
  eden space 27648K, 100% used [0x00000007aab00000,0x00000007ac600000,0x00000007ac600000)
  from space 11264K, 80% used [0x00000007ad180000,0x00000007ada506d0,0x00000007adc80000)
  to   space 11776K, 0% used [0x00000007ac600000,0x00000007ac600000,0x00000007ad180000)
 ParOldGen       total 40448K, used 12249K [0x0000000780000000, 0x0000000782780000, 0x00000007aab00000)
  object space 40448K, 30% used [0x0000000780000000,0x0000000780bf67a0,0x0000000782780000)
 Metaspace       used 25457K, capacity 26954K, committed 27136K, reserved 1073152K
  class space    used 3414K, capacity 3733K, committed 3840K, reserved 1048576K
Event: 99.252 GC heap after
Heap after GC invocations=12 (full 1):
 PSYoungGen      total 39424K, used 9643K [0x00000007aab00000, 0x00000007ae100000, 0x00000007c0000000)
  eden space 27648K, 0% used [0x00000007aab00000,0x00000007aab00000,0x00000007ac600000)
  from space 11776K, 81% used [0x00000007ac600000,0x00000007acf6ac40,0x00000007ad180000)
  to   space 12288K, 0% used [0x00000007ad500000,0x00000007ad500000,0x00000007ae100000)
 ParOldGen       total 40448K, used 12257K [0x0000000780000000, 0x0000000782780000, 0x00000007aab00000)
  object space 40448K, 30% used [0x0000000780000000,0x0000000780bf87a0,0x0000000782780000)
 Metaspace       used 25457K, capacity 26954K, committed 27136K, reserved 1073152K
  class space    used 3414K, capacity 3733K, committed 3840K, reserved 1048576K
}
Event: 103.363 GC heap before
{Heap before GC invocations=13 (full 1):
 PSYoungGen      total 39424K, used 37291K [0x00000007aab00000, 0x00000007ae100000, 0x00000007c0000000)
  eden space 27648K, 100% used [0x00000007aab00000,0x00000007ac600000,0x00000007ac600000)
  from space 11776K, 81% used [0x00000007ac600000,0x00000007acf6ac40,0x00000007ad180000)
  to   space 12288K, 0% used [0x00000007ad500000,0x00000007ad500000,0x00000007ae100000)
 ParOldGen       total 40448K, used 12257K [0x0000000780000000, 0x0000000782780000, 0x00000007aab00000)
  object space 40448K, 30% used [0x0000000780000000,0x0000000780bf87c0,0x0000000782780000)
 Metaspace       used 25500K, capacity 26954K, committed 27136K, reserved 1073152K
  class space    used 3414K, capacity 3733K, committed 3840K, reserved 1048576K
Event: 103.373 GC heap after
Heap after GC invocations=13 (full 1):
 PSYoungGen      total 42496K, used 9465K [0x00000007aab00000, 0x00000007ae200000, 0x00000007c0000000)
  eden space 30208K, 0% used [0x00000007aab00000,0x00000007aab00000,0x00000007ac880000)
  from space 12288K, 77% used [0x00000007ad500000,0x00000007ade3e530,0x00000007ae100000)
  to   space 12800K, 0% used [0x00000007ac880000,0x00000007ac880000,0x00000007ad500000)
 ParOldGen       total 40448K, used 12257K [0x0000000780000000, 0x0000000782780000, 0x00000007aab00000)
  object space 40448K, 30% used [0x0000000780000000,0x0000000780bf87c0,0x0000000782780000)
 Metaspace       used 25500K, capacity 26954K, committed 27136K, reserved 1073152K
  class space    used 3414K, capacity 3733K, committed 3840K, reserved 1048576K
}

